[
  {
    "line": 1,
    "elements": [
      {
        "start_timestamp": "2021-02-26T18:38:40.544Z",
        "line": 3,
        "name": "Navigate from SRP to LDP",
        "description": "",
        "id": "home;navigate-from-srp-to-ldp",
        "type": "scenario",
        "keyword": "Scenario",
        "steps": [
          {
            "result": {
              "duration": 7012000000,
              "status": "passed"
            },
            "line": 4,
            "name": "Browser is opened",
            "match": {
              "location": "stepdefs.TestScript.browser_is_opened()"
            },
            "keyword": "Given "
          },
          {
            "result": {
              "duration": 7565000000,
              "status": "passed"
            },
            "line": 5,
            "name": "user is navigated to homepage",
            "match": {
              "location": "stepdefs.TestScript.user_is_navigated_to_homepage()"
            },
            "keyword": "When "
          },
          {
            "result": {
              "error_message": "org.openqa.selenium.NoSuchElementException: no such element: Unable to locate element: {\"method\":\"xpath\",\"selector\":\"//*[@id\u003d\"HP-Norfolk, VA__0\"]\"}\n  (Session info: chrome\u003d88.0.4324.190)\nFor documentation on this error, please visit: https://www.seleniumhq.org/exceptions/no_such_element.html\nBuild info: version: \u00273.141.59\u0027, revision: \u0027e82be7d358\u0027, time: \u00272018-11-14T08:17:03\u0027\nSystem info: host: \u0027LAPTOP-T5JSBBKE\u0027, ip: \u002710.72.3.76\u0027, os.name: \u0027Windows 10\u0027, os.arch: \u0027amd64\u0027, os.version: \u002710.0\u0027, java.version: \u00271.8.0_191\u0027\nDriver info: org.openqa.selenium.chrome.ChromeDriver\nCapabilities {acceptInsecureCerts: false, browserName: chrome, browserVersion: 88.0.4324.190, chrome: {chromedriverVersion: 88.0.4324.96 (68dba2d8a0b14..., userDataDir: C:\\Users\\ritik\\AppData\\Loca...}, goog:chromeOptions: {debuggerAddress: localhost:61764}, javascriptEnabled: true, networkConnectionEnabled: false, pageLoadStrategy: normal, platform: WINDOWS, platformName: WINDOWS, proxy: Proxy(), setWindowRect: true, strictFileInteractability: false, timeouts: {implicit: 0, pageLoad: 300000, script: 30000}, unhandledPromptBehavior: dismiss and notify, webauthn:extension:largeBlob: true, webauthn:virtualAuthenticators: true}\nSession ID: fbdcbc95588f7464eecfb9fa87e19ed3\n*** Element info: {Using\u003dxpath, value\u003d//*[@id\u003d\"HP-Norfolk, VA__0\"]}\r\n\tat sun.reflect.NativeConstructorAccessorImpl.newInstance0(Native Method)\r\n\tat sun.reflect.NativeConstructorAccessorImpl.newInstance(Unknown Source)\r\n\tat sun.reflect.DelegatingConstructorAccessorImpl.newInstance(Unknown Source)\r\n\tat java.lang.reflect.Constructor.newInstance(Unknown Source)\r\n\tat org.openqa.selenium.remote.http.W3CHttpResponseCodec.createException(W3CHttpResponseCodec.java:187)\r\n\tat org.openqa.selenium.remote.http.W3CHttpResponseCodec.decode(W3CHttpResponseCodec.java:122)\r\n\tat org.openqa.selenium.remote.http.W3CHttpResponseCodec.decode(W3CHttpResponseCodec.java:49)\r\n\tat org.openqa.selenium.remote.HttpCommandExecutor.execute(HttpCommandExecutor.java:158)\r\n\tat org.openqa.selenium.remote.service.DriverCommandExecutor.execute(DriverCommandExecutor.java:83)\r\n\tat org.openqa.selenium.remote.RemoteWebDriver.execute(RemoteWebDriver.java:552)\r\n\tat org.openqa.selenium.remote.RemoteWebDriver.findElement(RemoteWebDriver.java:323)\r\n\tat org.openqa.selenium.remote.RemoteWebDriver.findElementByXPath(RemoteWebDriver.java:428)\r\n\tat org.openqa.selenium.By$ByXPath.findElement(By.java:353)\r\n\tat org.openqa.selenium.remote.RemoteWebDriver.findElement(RemoteWebDriver.java:315)\r\n\tat stepdefs.TestScript.user_search_location(TestScript.java:43)\r\n\tat ✽.user search a location(file:///F:/Automation/Local/Master/Homes/src/test/java/resources/Home.feature:6)\r\n",
              "duration": 30372000000,
              "status": "failed"
            },
            "line": 6,
            "name": "user search a location",
            "match": {
              "location": "stepdefs.TestScript.user_search_location()"
            },
            "keyword": "Then "
          },
          {
            "result": {
              "status": "skipped"
            },
            "line": 7,
            "name": "user naviagted to SRP",
            "match": {
              "location": "stepdefs.TestScript.verify_SRP_title()"
            },
            "keyword": "Then "
          },
          {
            "result": {
              "duration": 4000000,
              "status": "skipped"
            },
            "line": 8,
            "name": "user click on any listing card",
            "match": {
              "location": "stepdefs.TestScript.click_listingcard()"
            },
            "keyword": "Then "
          },
          {
            "result": {
              "status": "skipped"
            },
            "line": 9,
            "name": "user navigated to LDP",
            "match": {
              "location": "stepdefs.TestScript.verify_LDP()"
            },
            "keyword": "Then "
          },
          {
            "result": {
              "status": "skipped"
            },
            "line": 10,
            "name": "Browser is closed",
            "match": {
              "location": "stepdefs.TestScript.Browser_closed()"
            },
            "keyword": "Then "
          }
        ]
      },
      {
        "start_timestamp": "2021-02-26T18:39:25.701Z",
        "line": 13,
        "name": "Verify saved search",
        "description": "",
        "id": "home;verify-saved-search",
        "type": "scenario",
        "keyword": "Scenario",
        "steps": [
          {
            "result": {
              "duration": 4500000000,
              "status": "passed"
            },
            "line": 14,
            "name": "Browser is opened",
            "match": {
              "location": "stepdefs.TestScript.browser_is_opened()"
            },
            "keyword": "Given "
          },
          {
            "result": {
              "duration": 6984000000,
              "status": "passed"
            },
            "line": 15,
            "name": "user is navigated to homepage",
            "match": {
              "location": "stepdefs.TestScript.user_is_navigated_to_homepage()"
            },
            "keyword": "When "
          },
          {
            "result": {
              "duration": 4874000000,
              "status": "passed"
            },
            "line": 16,
            "name": "user search a location",
            "match": {
              "location": "stepdefs.TestScript.user_search_location()"
            },
            "keyword": "Then "
          },
          {
            "result": {
              "duration": 2011000000,
              "status": "passed"
            },
            "line": 17,
            "name": "user naviagted to SRP",
            "match": {
              "location": "stepdefs.TestScript.verify_SRP_title()"
            },
            "keyword": "Then "
          },
          {
            "result": {
              "duration": 6838000000,
              "status": "passed"
            },
            "line": 18,
            "name": "Click on saved search button",
            "match": {
              "location": "stepdefs.TestScript.click_saved_search_CTA()"
            },
            "keyword": "Then "
          },
          {
            "result": {
              "duration": 3928000000,
              "status": "passed"
            },
            "line": 19,
            "name": "login pop appears",
            "match": {
              "location": "stepdefs.TestScript.verify_login_popup()"
            },
            "keyword": "And "
          },
          {
            "result": {
              "error_message": "org.openqa.selenium.ElementNotInteractableException: element not interactable\n  (Session info: chrome\u003d88.0.4324.190)\nBuild info: version: \u00273.141.59\u0027, revision: \u0027e82be7d358\u0027, time: \u00272018-11-14T08:17:03\u0027\nSystem info: host: \u0027LAPTOP-T5JSBBKE\u0027, ip: \u002710.72.3.76\u0027, os.name: \u0027Windows 10\u0027, os.arch: \u0027amd64\u0027, os.version: \u002710.0\u0027, java.version: \u00271.8.0_191\u0027\nDriver info: org.openqa.selenium.chrome.ChromeDriver\nCapabilities {acceptInsecureCerts: false, browserName: chrome, browserVersion: 88.0.4324.190, chrome: {chromedriverVersion: 88.0.4324.96 (68dba2d8a0b14..., userDataDir: C:\\Users\\ritik\\AppData\\Loca...}, goog:chromeOptions: {debuggerAddress: localhost:61886}, javascriptEnabled: true, networkConnectionEnabled: false, pageLoadStrategy: normal, platform: WINDOWS, platformName: WINDOWS, proxy: Proxy(), setWindowRect: true, strictFileInteractability: false, timeouts: {implicit: 0, pageLoad: 300000, script: 30000}, unhandledPromptBehavior: dismiss and notify, webauthn:extension:largeBlob: true, webauthn:virtualAuthenticators: true}\nSession ID: 0385fce0711f21758cfb2d3e3aea896f\r\n\tat sun.reflect.NativeConstructorAccessorImpl.newInstance0(Native Method)\r\n\tat sun.reflect.NativeConstructorAccessorImpl.newInstance(Unknown Source)\r\n\tat sun.reflect.DelegatingConstructorAccessorImpl.newInstance(Unknown Source)\r\n\tat java.lang.reflect.Constructor.newInstance(Unknown Source)\r\n\tat org.openqa.selenium.remote.http.W3CHttpResponseCodec.createException(W3CHttpResponseCodec.java:187)\r\n\tat org.openqa.selenium.remote.http.W3CHttpResponseCodec.decode(W3CHttpResponseCodec.java:122)\r\n\tat org.openqa.selenium.remote.http.W3CHttpResponseCodec.decode(W3CHttpResponseCodec.java:49)\r\n\tat org.openqa.selenium.remote.HttpCommandExecutor.execute(HttpCommandExecutor.java:158)\r\n\tat org.openqa.selenium.remote.service.DriverCommandExecutor.execute(DriverCommandExecutor.java:83)\r\n\tat org.openqa.selenium.remote.RemoteWebDriver.execute(RemoteWebDriver.java:552)\r\n\tat org.openqa.selenium.remote.RemoteWebElement.execute(RemoteWebElement.java:285)\r\n\tat org.openqa.selenium.remote.RemoteWebElement.sendKeys(RemoteWebElement.java:106)\r\n\tat stepdefs.TestScript.user_Login(TestScript.java:85)\r\n\tat ✽.enter username and password in the input fields and click login CTA(file:///F:/Automation/Local/Master/Homes/src/test/java/resources/Home.feature:20)\r\n",
              "duration": 3887000000,
              "status": "failed"
            },
            "line": 20,
            "name": "enter username and password in the input fields and click login CTA",
            "match": {
              "location": "stepdefs.TestScript.user_Login()"
            },
            "keyword": "Then "
          },
          {
            "result": {
              "status": "undefined"
            },
            "line": 21,
            "name": "user again click on save this search CTA",
            "match": {},
            "keyword": "Then "
          },
          {
            "result": {
              "status": "skipped"
            },
            "line": 22,
            "name": "Enter any name in saved search field click save search CTA",
            "match": {
              "location": "stepdefs.TestScript.enter_savedsearch_name()"
            },
            "keyword": "Then "
          },
          {
            "result": {
              "status": "undefined"
            },
            "line": 23,
            "name": "Check notification for the save search",
            "match": {},
            "keyword": "Then "
          }
        ]
      }
    ],
    "name": "Home",
    "description": "",
    "id": "home",
    "keyword": "Feature",
    "uri": "file:src/test/java/resources/Home.feature",
    "tags": []
  }
]